<?xml version="1.0" encoding="utf-8"?><testsuites name="pytest tests"><testsuite name="pytest" errors="0" failures="0" skipped="0" tests="9" time="5.285" timestamp="2026-04-28T04:26:21.254836+00:00" hostname="agent-env-1926bf6d-ed0f-4225-a7a3-db2f82f9f662"><testcase classname="tests.test_anonymous.TestAnonymousMode" name="test_enable_anonymous_mode" time="0.394" /><testcase classname="tests.test_anonymous.TestAnonymousMode" name="test_disable_anonymous_mode" time="0.377" /><testcase classname="tests.test_anonymous.TestAnonymousMode" name="test_enable_anonymous_generates_different_name" time="0.480" /><testcase classname="tests.test_anonymous.TestAnonymousDisplayMasking" name="test_search_shows_anonymous_identity" time="0.720" /><testcase classname="tests.test_anonymous.TestAnonymousDisplayMasking" name="test_search_shows_real_identity_after_disable" time="0.706" /><testcase classname="tests.test_anonymous.TestAnonymousDisplayMasking" name="test_conversations_shows_anonymous_other_user" time="0.881" /><testcase classname="tests.test_anonymous.TestAnonymousDisplayMasking" name="test_nearby_shows_anonymous_users" time="0.829" /><testcase classname="tests.test_anonymous.TestAnonymousMessaging" name="test_proximity_message_stores_anonymous_sender" time="0.508" /><testcase classname="tests.test_anonymous.TestSignupAnonymousFields" name="test_signup_creates_anonymous_username" time="0.352" /></testsuite></testsuites>