<?xml version="1.0" encoding="utf-8"?><testsuites name="pytest tests"><testsuite name="pytest" errors="0" failures="0" skipped="0" tests="13" time="4.190" timestamp="2026-03-23T11:36:29.576286+00:00" hostname="agent-env-1926bf6d-ed0f-4225-a7a3-db2f82f9f662"><testcase classname="tests.test_location.TestLocation" name="test_create_test_user" time="0.362" /><testcase classname="tests.test_location.TestLocation" name="test_update_location_success" time="0.331" /><testcase classname="tests.test_location.TestLocation" name="test_update_location_unauthenticated" time="0.049" /><testcase classname="tests.test_location.TestLocation" name="test_nearby_users_empty_radius" time="0.332" /><testcase classname="tests.test_location.TestLocation" name="test_nearby_users_with_radius_10m" time="0.390" /><testcase classname="tests.test_location.TestLocation" name="test_nearby_users_with_radius_50m" time="0.325" /><testcase classname="tests.test_location.TestLocation" name="test_nearby_users_with_radius_100m" time="0.322" /><testcase classname="tests.test_location.TestLocation" name="test_nearby_users_with_radius_500m" time="0.321" /><testcase classname="tests.test_location.TestLocation" name="test_nearby_users_excludes_current_user" time="0.377" /><testcase classname="tests.test_location.TestLocation" name="test_nearby_users_returns_distance_meters" time="0.640" /><testcase classname="tests.test_location.TestLocation" name="test_nearby_users_unauthenticated" time="0.047" /><testcase classname="tests.test_location.TestLocation" name="test_nearby_users_invalid_radius_fallback" time="0.324" /><testcase classname="tests.test_location.TestLocation" name="test_nearby_users_data_structure" time="0.336" /></testsuite></testsuites>