<?xml version="1.0" encoding="utf-8"?><testsuites name="pytest tests"><testsuite name="pytest" errors="0" failures="0" skipped="0" tests="6" time="21.110" timestamp="2026-04-27T07:03:58.347469+00:00" hostname="agent-env-1926bf6d-ed0f-4225-a7a3-db2f82f9f662"><testcase classname="tests.test_presence.TestPresenceSystem" name="test_user_online_event_fires_on_auth" time="2.623" /><testcase classname="tests.test_presence.TestPresenceSystem" name="test_user_offline_event_includes_last_seen" time="6.200" /><testcase classname="tests.test_presence.TestPresenceSystem" name="test_conversations_api_returns_last_seen" time="0.454" /><testcase classname="tests.test_presence.TestPresenceSystem" name="test_conversations_api_excludes_sensitive_fields" time="0.055" /><testcase classname="tests.test_presence.TestPresenceSystem" name="test_multi_user_presence_broadcast" time="9.425" /><testcase classname="tests.test_presence.TestPresenceSystem" name="test_presence_data_structure" time="2.219" /></testsuite></testsuites>