<?xml version="1.0" encoding="utf-8"?><testsuites name="pytest tests"><testsuite name="pytest" errors="0" failures="2" skipped="10" tests="37" time="9.152" timestamp="2026-03-23T11:09:03.413541+00:00" hostname="agent-env-1926bf6d-ed0f-4225-a7a3-db2f82f9f662"><testcase classname="tests.test_auth.TestAuth" name="test_health_check" time="0.181" /><testcase classname="tests.test_auth.TestAuth" name="test_signup_success" time="0.268" /><testcase classname="tests.test_auth.TestAuth" name="test_signup_duplicate_email" time="0.055" /><testcase classname="tests.test_auth.TestAuth" name="test_login_success" time="0.266" /><testcase classname="tests.test_auth.TestAuth" name="test_login_invalid_credentials" time="0.267" /><testcase classname="tests.test_auth.TestAuth" name="test_login_nonexistent_user" time="0.047" /><testcase classname="tests.test_auth.TestAuth" name="test_get_me_authenticated" time="0.308" /><testcase classname="tests.test_auth.TestAuth" name="test_get_me_unauthenticated" time="0.040" /><testcase classname="tests.test_auth.TestAuth" name="test_get_me_invalid_token" time="0.052" /><testcase classname="tests.test_auth.TestAuth" name="test_logout" time="0.310" /><testcase classname="tests.test_conversations.TestConversations" name="test_get_conversations_empty" time="0.351" /><testcase classname="tests.test_conversations.TestConversations" name="test_create_conversation" time="0.040"><skipped type="pytest.skip" message="User 2 token not available">/app/backend/tests/test_conversations.py:55: User 2 token not available</skipped></testcase><testcase classname="tests.test_conversations.TestConversations" name="test_create_conversation_duplicate" time="0.000"><skipped type="pytest.skip" message="User 2 token not available">/app/backend/tests/test_conversations.py:82: User 2 token not available</skipped></testcase><testcase classname="tests.test_conversations.TestConversations" name="test_create_conversation_invalid_user" time="0.042" /><testcase classname="tests.test_conversations.TestConversations" name="test_get_conversation_messages_empty" time="0.000"><skipped type="pytest.skip" message="User 2 token not available">/app/backend/tests/test_conversations.py:115: User 2 token not available</skipped></testcase><testcase classname="tests.test_conversations.TestConversations" name="test_get_conversation_messages_unauthorized" time="0.043" /><testcase classname="tests.test_conversations.TestMessages" name="test_send_text_message" time="0.000"><skipped type="pytest.skip" message="User 2 token not available">/app/backend/tests/test_conversations.py:162: User 2 token not available</skipped></testcase><testcase classname="tests.test_conversations.TestMessages" name="test_send_image_message" time="0.000"><skipped type="pytest.skip" message="User 2 token not available">/app/backend/tests/test_conversations.py:192: User 2 token not available</skipped></testcase><testcase classname="tests.test_conversations.TestMessages" name="test_send_message_invalid_conversation" time="0.043" /><testcase classname="tests.test_conversations.TestMessages" name="test_mark_messages_as_read" time="0.000"><skipped type="pytest.skip" message="User 2 token not available">/app/backend/tests/test_conversations.py:227: User 2 token not available</skipped></testcase><testcase classname="tests.test_conversations.TestMessages" name="test_mark_messages_read_missing_conversation_id" time="0.042" /><testcase classname="tests.test_users.TestUsers" name="test_search_users_empty_query" time="0.308" /><testcase classname="tests.test_users.TestUsers" name="test_search_users_by_username" time="0.043"><failure message="AssertionError: User testuser2_1774264145684 not found in search results&#10;assert False">E   AssertionError: User testuser2_1774264145684 not found in search results
    assert False</failure></testcase><testcase classname="tests.test_users.TestUsers" name="test_search_users_by_email" time="0.042" /><testcase classname="tests.test_users.TestUsers" name="test_search_users_excludes_self" time="0.052" /><testcase classname="tests.test_users.TestUsers" name="test_search_users_unauthenticated" time="0.044" /><testcase classname="tests.test_users.TestUsers" name="test_update_profile_username" time="0.087" /><testcase classname="tests.test_users.TestUsers" name="test_update_profile_duplicate_username" time="0.043"><failure message="assert 200 == 400&#10; +  where 200 = &lt;Response [200]&gt;.status_code">E   assert 200 == 400
     +  where 200 = &lt;Response [200]&gt;.status_code</failure></testcase><testcase classname="tests.test_users.TestUsers" name="test_upload_avatar_base64" time="0.086" /><testcase classname="tests.test_users.TestUsers" name="test_upload_avatar_missing_data" time="0.042" /><testcase classname="tests.test_websocket.TestWebSocket" name="test_socket_connection" time="1.451" /><testcase classname="tests.test_websocket.TestWebSocket" name="test_socket_authentication" time="2.202" /><testcase classname="tests.test_websocket.TestWebSocket" name="test_socket_join_conversation" time="0.043"><skipped type="pytest.skip" message="User 2 token not available">/app/backend/tests/test_websocket.py:116: User 2 token not available</skipped></testcase><testcase classname="tests.test_websocket.TestWebSocket" name="test_socket_send_message" time="0.000"><skipped type="pytest.skip" message="User 2 token not available">/app/backend/tests/test_websocket.py:142: User 2 token not available</skipped></testcase><testcase classname="tests.test_websocket.TestWebSocket" name="test_socket_typing_indicator" time="0.000"><skipped type="pytest.skip" message="User 2 token not available">/app/backend/tests/test_websocket.py:186: User 2 token not available</skipped></testcase><testcase classname="tests.test_websocket.TestWebSocket" name="test_socket_multi_user_chat" time="0.000"><skipped type="pytest.skip" message="User 2 token not available">/app/backend/tests/test_websocket.py:226: User 2 token not available</skipped></testcase><testcase classname="tests.test_websocket.TestWebSocket" name="test_socket_disconnect" time="2.214" /></testsuite></testsuites>