<?xml version="1.0" encoding="utf-8"?><testsuites name="pytest tests"><testsuite name="pytest" errors="0" failures="0" skipped="0" tests="13" time="5.028" timestamp="2026-03-23T11:51:10.379760+00:00" hostname="agent-env-1926bf6d-ed0f-4225-a7a3-db2f82f9f662"><testcase classname="tests.test_proximity.TestProximityChat" name="test_verify_ttl_index_exists" time="0.023" /><testcase classname="tests.test_proximity.TestProximityChat" name="test_join_proximity_room_success" time="0.526" /><testcase classname="tests.test_proximity.TestProximityChat" name="test_join_proximity_room_same_geohash" time="0.651" /><testcase classname="tests.test_proximity.TestProximityChat" name="test_join_proximity_room_different_radius" time="0.385" /><testcase classname="tests.test_proximity.TestProximityChat" name="test_geohash_precision_mapping" time="0.461" /><testcase classname="tests.test_proximity.TestProximityChat" name="test_leave_proximity_room_success" time="0.359" /><testcase classname="tests.test_proximity.TestProximityChat" name="test_get_proximity_room_info" time="0.362" /><testcase classname="tests.test_proximity.TestProximityChat" name="test_get_proximity_messages" time="0.367" /><testcase classname="tests.test_proximity.TestProximityChat" name="test_send_proximity_message_success" time="0.361" /><testcase classname="tests.test_proximity.TestProximityChat" name="test_send_proximity_message_non_participant" time="0.651" /><testcase classname="tests.test_proximity.TestProximityChat" name="test_proximity_message_expiry_field" time="0.401" /><testcase classname="tests.test_proximity.TestProximityChat" name="test_join_proximity_room_unauthenticated" time="0.043" /><testcase classname="tests.test_proximity.TestProximityChat" name="test_get_proximity_room_not_found" time="0.315" /></testsuite></testsuites>