<?xml version="1.0" encoding="utf-8"?><testsuites name="pytest tests"><testsuite name="pytest" errors="0" failures="0" skipped="0" tests="14" time="70.865" timestamp="2026-05-05T07:08:04.779485+00:00" hostname="agent-env-1926bf6d-ed0f-4225-a7a3-db2f82f9f662"><testcase classname="tests.test_ephemeral_media.TestEphemeralMediaUpload" name="test_upload_view_once_image" time="0.483" /><testcase classname="tests.test_ephemeral_media.TestEphemeralMediaUpload" name="test_upload_view_twice_video" time="0.311" /><testcase classname="tests.test_ephemeral_media.TestEphemeralMediaUpload" name="test_upload_with_conversation_auto_sends_message" time="0.316" /><testcase classname="tests.test_ephemeral_media.TestEphemeralMediaUpload" name="test_upload_invalid_mime_type_returns_400" time="0.311" /><testcase classname="tests.test_ephemeral_media.TestMediaAccessToken" name="test_get_token_for_viewable_media" time="0.628" /><testcase classname="tests.test_ephemeral_media.TestMediaAccessToken" name="test_get_token_after_view_limit_returns_410" time="0.717" /><testcase classname="tests.test_ephemeral_media.TestMediaViewing" name="test_view_media_with_valid_token" time="0.672" /><testcase classname="tests.test_ephemeral_media.TestMediaViewing" name="test_view_with_expired_token_returns_401" time="61.759" /><testcase classname="tests.test_ephemeral_media.TestMediaViewing" name="test_view_once_second_view_returns_410" time="0.716" /><testcase classname="tests.test_ephemeral_media.TestMediaViewing" name="test_view_twice_allows_2_views_blocks_3rd" time="0.837" /><testcase classname="tests.test_ephemeral_media.TestMediaStatus" name="test_status_returns_correct_viewable_state" time="0.767" /><testcase classname="tests.test_ephemeral_media.TestMediaStatus" name="test_uploader_can_always_view_own_media" time="0.404" /><testcase classname="tests.test_ephemeral_media.TestMediaSecurity" name="test_token_with_wrong_media_id_rejected" time="1.809" /><testcase classname="tests.test_ephemeral_media.TestMediaSecurity" name="test_expired_media_blocks_all_token_requests" time="1.079" /></testsuite></testsuites>